[19:36:12.316][INFO][CraftTweaker-EarlyInit]: CraftTweaker is running on a Minecraft 1.20.1 production server modded with platform Forge
[19:36:12.344][INFO][CraftTweaker-EarlyInit]: Successfully injected RecipeFS file system
[19:36:12.378][INFO][CraftTweaker-Plugins]: Successfully identified and loaded plugin crafttweaker:builtin
[19:36:12.379][INFO][CraftTweaker-Plugins]: Successfully identified and loaded plugin crafttweaker:builtin_forge
[19:36:12.381][INFO][CraftTweaker-Plugins]: Successfully identified and loaded plugin farmersdelight:crafttweaker_plugin
[19:36:12.383][INFO][CraftTweaker-Plugins]: Successfully identified and loaded plugin refurbished_furniture:plugin
[19:36:13.104][INFO][CraftTweaker]: The following mods have explicit CraftTweaker support through the default plugin:
[19:36:13.110][INFO][CraftTweaker]: - 'crafttweaker' at version '14.0.40'
[19:36:13.110][INFO][CraftTweaker]: - 'farmersdelight' at version '1.20.1-1.2.4'
[19:36:13.110][INFO][CraftTweaker]: - 'gamestages' at version '15.0.1'
[19:36:13.110][INFO][CraftTweaker]: - 'refurbished_furniture' at version '1.0.5'
[19:36:26.584][INFO][CraftTweaker-ZenCode]: Started loading scripts for loader 'initialize'
[19:36:27.120][INFO][CraftTweaker-ZenCode]: Compiling and executing scripts
[19:36:27.219][INFO][CraftTweaker-ZenCode]: Successfully initialized modules [crafttweaker, expansions]
[19:36:27.312][INFO][CraftTweaker-ZenCode]: Execution for loader 'initialize' completed successfully
[19:36:54.415][INFO][CraftTweaker-ZenCode]: Started loading scripts for loader 'tags'
[19:36:54.460][INFO][CraftTweaker-ZenCode]: Compiling and executing scripts
[19:36:54.488][INFO][CraftTweaker-ZenCode]: Successfully initialized modules [crafttweaker, expansions]
[19:36:54.508][INFO][CraftTweaker-ZenCode]: Execution for loader 'tags' completed successfully
[19:36:56.213][INFO][CraftTweaker]: crafttweaker.reload.start
[19:36:56.218][INFO][CraftTweaker-ZenCode]: Started loading scripts for loader 'crafttweaker'
[19:36:56.244][INFO][CraftTweaker-ZenCode]: Compiling and executing scripts
[19:36:56.718][INFO][CraftTweaker-ZenCode]: Successfully initialized modules [mods, crafttweaker, expansions]
[19:36:56.733][INFO][CraftTweaker-ZenCode]: Execution for loader 'crafttweaker' completed successfully
[19:36:56.735][INFO][CraftTweaker]: crafttweaker.reload.complete
